<?xml version="1.0" encoding="UTF-8"?>
<testsuite name="ex2.KernelTest" tests="1" skipped="0" failures="0" errors="0" timestamp="2021-03-25T17:14:31" hostname="maxja-mint" time="0.597">
  <properties/>
  <testcase name="testSobelHConvolution" classname="ex2.KernelTest" time="0.597"/>
  <system-out><![CDATA[[1.0 2.0 1.0 
 0.0 0.0 0.0 
 -1.0 -2.0 -1.0]
]]></system-out>
  <system-err><![CDATA[]]></system-err>
</testsuite>
